This file contains any messages produced by compilers while
running configure, to aid debugging if configure makes a mistake.

It was created by configure, which was
generated by GNU Autoconf 2.59.  Invocation command line was

  $ ./configure 

## --------- ##
## Platform. ##
## --------- ##

hostname = vaio
uname -m = i686
uname -r = 2.6.13-gentoo
uname -s = Linux
uname -v = #2 Thu Sep 1 15:28:17 CEST 2005

/usr/bin/uname -p = Intel(R) Pentium(R) M processor 1.60GHz
/bin/uname -X     = unknown

/bin/arch              = i686
/usr/bin/arch -k       = unknown
/usr/convex/getsysinfo = unknown
hostinfo               = unknown
/bin/machine           = unknown
/usr/bin/oslevel       = unknown
/bin/universe          = unknown

PATH: /usr/local/bin
PATH: /usr/bin
PATH: /bin
PATH: /opt/bin
PATH: /usr/i686-pc-linux-gnu/gcc-bin/3.4.4
PATH: /usr/i686-pc-linux-gnu/gcc-bin/3.4.4
PATH: /opt/blackdown-jdk-1.4.2.02/bin
PATH: /opt/blackdown-jdk-1.4.2.02/jre/bin
PATH: /usr/qt/3/bin
PATH: /usr/kde/3.4/bin
PATH: /usr/games/bin
PATH: /opt/vmware/bin


## ----------- ##
## Core tests. ##
## ----------- ##

configure:1347: checking for a BSD-compatible install
configure:1402: result: /usr/bin/install -c
configure:1413: checking whether build environment is sane
configure:1456: result: yes
configure:1521: checking for gawk
configure:1537: found /usr/bin/gawk
configure:1547: result: gawk
configure:1557: checking whether make sets $(MAKE)
configure:1577: result: yes
configure:1776: checking for a BSD-compatible install
configure:1831: result: /usr/bin/install -c
configure:1854: checking for style of include used by make
configure:1882: result: GNU
configure:1953: checking for gcc
configure:1969: found /usr/bin/gcc
configure:1979: result: gcc
configure:2223: checking for C compiler version
configure:2226: gcc --version </dev/null >&5
gcc (GCC) 3.4.4 (Gentoo 3.4.4-r1, ssp-3.4.4-1.0, pie-8.7.8)
Copyright (C) 2004 Free Software Foundation, Inc.
This is free software; see the source for copying conditions.  There is NO
warranty; not even for MERCHANTABILITY or FITNESS FOR A PARTICULAR PURPOSE.

configure:2229: $? = 0
configure:2231: gcc -v </dev/null >&5
Reading specs from /usr/lib/gcc/i686-pc-linux-gnu/3.4.4/specs
Configured with: /var/tmp/portage/gcc-3.4.4-r1/work/gcc-3.4.4/configure --prefix=/usr --bindir=/usr/i686-pc-linux-gnu/gcc-bin/3.4.4 --includedir=/usr/lib/gcc/i686-pc-linux-gnu/3.4.4/include --datadir=/usr/share/gcc-data/i686-pc-linux-gnu/3.4.4 --mandir=/usr/share/gcc-data/i686-pc-linux-gnu/3.4.4/man --infodir=/usr/share/gcc-data/i686-pc-linux-gnu/3.4.4/info --with-gxx-include-dir=/usr/lib/gcc/i686-pc-linux-gnu/3.4.4/include/g++-v3 --host=i686-pc-linux-gnu --build=i686-pc-linux-gnu --disable-altivec --enable-nls --without-included-gettext --with-system-zlib --disable-checking --disable-werror --disable-libunwind-exceptions --disable-multilib --enable-java-awt=gtk --enable-languages=c,c++,java,f77 --enable-shared --enable-threads=posix --enable-__cxa_atexit --enable-clocale=gnu
Thread model: posix
gcc version 3.4.4 (Gentoo 3.4.4-r1, ssp-3.4.4-1.0, pie-8.7.8)
configure:2234: $? = 0
configure:2236: gcc -V </dev/null >&5
gcc: `-V' option must have argument
configure:2239: $? = 1
configure:2262: checking for C compiler default output file name
configure:2265: gcc    conftest.c  >&5
configure:2268: $? = 0
configure:2314: result: a.out
configure:2319: checking whether the C compiler works
configure:2325: ./a.out
configure:2328: $? = 0
configure:2345: result: yes
configure:2352: checking whether we are cross compiling
configure:2354: result: no
configure:2357: checking for suffix of executables
configure:2359: gcc -o conftest    conftest.c  >&5
configure:2362: $? = 0
configure:2387: result: 
configure:2393: checking for suffix of object files
configure:2414: gcc -c   conftest.c >&5
configure:2417: $? = 0
configure:2439: result: o
configure:2443: checking whether we are using the GNU C compiler
configure:2467: gcc -c   conftest.c >&5
configure:2473: $? = 0
configure:2477: test -z 
			 || test ! -s conftest.err
configure:2480: $? = 0
configure:2483: test -s conftest.o
configure:2486: $? = 0
configure:2499: result: yes
configure:2505: checking whether gcc accepts -g
configure:2526: gcc -c -g  conftest.c >&5
configure:2532: $? = 0
configure:2536: test -z 
			 || test ! -s conftest.err
configure:2539: $? = 0
configure:2542: test -s conftest.o
configure:2545: $? = 0
configure:2556: result: yes
configure:2573: checking for gcc option to accept ANSI C
configure:2643: gcc  -c -g -O2  conftest.c >&5
configure:2649: $? = 0
configure:2653: test -z 
			 || test ! -s conftest.err
configure:2656: $? = 0
configure:2659: test -s conftest.o
configure:2662: $? = 0
configure:2680: result: none needed
configure:2698: gcc -c -g -O2  conftest.c >&5
conftest.c:2: error: parse error before "me"
configure:2704: $? = 1
configure: failed program was:
| #ifndef __cplusplus
|   choke me
| #endif
configure:2839: checking dependency style of gcc
configure:2929: result: gcc3
configure:2952: checking how to run the C preprocessor
configure:2987: gcc -E  conftest.c
configure:2993: $? = 0
configure:3025: gcc -E  conftest.c
conftest.c:11:28: ac_nonexistent.h: No such file or directory
configure:3031: $? = 1
configure: failed program was:
| /* confdefs.h.  */
| 
| #define PACKAGE_NAME ""
| #define PACKAGE_TARNAME ""
| #define PACKAGE_VERSION ""
| #define PACKAGE_STRING ""
| #define PACKAGE_BUGREPORT ""
| #define PACKAGE "fsfn"
| #define VERSION "0.1"
| /* end confdefs.h.  */
| #include <ac_nonexistent.h>
configure:3070: result: gcc -E
configure:3094: gcc -E  conftest.c
configure:3100: $? = 0
configure:3132: gcc -E  conftest.c
conftest.c:11:28: ac_nonexistent.h: No such file or directory
configure:3138: $? = 1
configure: failed program was:
| /* confdefs.h.  */
| 
| #define PACKAGE_NAME ""
| #define PACKAGE_TARNAME ""
| #define PACKAGE_VERSION ""
| #define PACKAGE_STRING ""
| #define PACKAGE_BUGREPORT ""
| #define PACKAGE "fsfn"
| #define VERSION "0.1"
| /* end confdefs.h.  */
| #include <ac_nonexistent.h>
configure:3182: checking for egrep
configure:3192: result: grep -E
configure:3197: checking for ANSI C header files
configure:3222: gcc -c -g -O2  conftest.c >&5
configure:3228: $? = 0
configure:3232: test -z 
			 || test ! -s conftest.err
configure:3235: $? = 0
configure:3238: test -s conftest.o
configure:3241: $? = 0
configure:3330: gcc -o conftest -g -O2   conftest.c  >&5
configure:3333: $? = 0
configure:3335: ./conftest
configure:3338: $? = 0
configure:3353: result: yes
configure:3367: checking for setlocale
configure:3424: gcc -o conftest -g -O2   conftest.c  >&5
configure:3430: $? = 0
configure:3434: test -z 
			 || test ! -s conftest.err
configure:3437: $? = 0
configure:3440: test -s conftest
configure:3443: $? = 0
configure:3455: result: yes
configure:3479: checking for sys/types.h
configure:3495: gcc -c -g -O2  conftest.c >&5
configure:3501: $? = 0
configure:3505: test -z 
			 || test ! -s conftest.err
configure:3508: $? = 0
configure:3511: test -s conftest.o
configure:3514: $? = 0
configure:3525: result: yes
configure:3479: checking for sys/stat.h
configure:3495: gcc -c -g -O2  conftest.c >&5
configure:3501: $? = 0
configure:3505: test -z 
			 || test ! -s conftest.err
configure:3508: $? = 0
configure:3511: test -s conftest.o
configure:3514: $? = 0
configure:3525: result: yes
configure:3479: checking for stdlib.h
configure:3495: gcc -c -g -O2  conftest.c >&5
configure:3501: $? = 0
configure:3505: test -z 
			 || test ! -s conftest.err
configure:3508: $? = 0
configure:3511: test -s conftest.o
configure:3514: $? = 0
configure:3525: result: yes
configure:3479: checking for string.h
configure:3495: gcc -c -g -O2  conftest.c >&5
configure:3501: $? = 0
configure:3505: test -z 
			 || test ! -s conftest.err
configure:3508: $? = 0
configure:3511: test -s conftest.o
configure:3514: $? = 0
configure:3525: result: yes
configure:3479: checking for memory.h
configure:3495: gcc -c -g -O2  conftest.c >&5
configure:3501: $? = 0
configure:3505: test -z 
			 || test ! -s conftest.err
configure:3508: $? = 0
configure:3511: test -s conftest.o
configure:3514: $? = 0
configure:3525: result: yes
configure:3479: checking for strings.h
configure:3495: gcc -c -g -O2  conftest.c >&5
configure:3501: $? = 0
configure:3505: test -z 
			 || test ! -s conftest.err
configure:3508: $? = 0
configure:3511: test -s conftest.o
configure:3514: $? = 0
configure:3525: result: yes
configure:3479: checking for inttypes.h
configure:3495: gcc -c -g -O2  conftest.c >&5
configure:3501: $? = 0
configure:3505: test -z 
			 || test ! -s conftest.err
configure:3508: $? = 0
configure:3511: test -s conftest.o
configure:3514: $? = 0
configure:3525: result: yes
configure:3479: checking for stdint.h
configure:3495: gcc -c -g -O2  conftest.c >&5
configure:3501: $? = 0
configure:3505: test -z 
			 || test ! -s conftest.err
configure:3508: $? = 0
configure:3511: test -s conftest.o
configure:3514: $? = 0
configure:3525: result: yes
configure:3479: checking for unistd.h
configure:3495: gcc -c -g -O2  conftest.c >&5
configure:3501: $? = 0
configure:3505: test -z 
			 || test ! -s conftest.err
configure:3508: $? = 0
configure:3511: test -s conftest.o
configure:3514: $? = 0
configure:3525: result: yes
configure:3551: checking locale.h usability
configure:3563: gcc -c -g -O2  conftest.c >&5
configure:3569: $? = 0
configure:3573: test -z 
			 || test ! -s conftest.err
configure:3576: $? = 0
configure:3579: test -s conftest.o
configure:3582: $? = 0
configure:3592: result: yes
configure:3596: checking locale.h presence
configure:3606: gcc -E  conftest.c
configure:3612: $? = 0
configure:3632: result: yes
configure:3667: checking for locale.h
configure:3674: result: yes
configure:3701: checking sys/ioctl.h usability
configure:3713: gcc -c -g -O2  conftest.c >&5
configure:3719: $? = 0
configure:3723: test -z 
			 || test ! -s conftest.err
configure:3726: $? = 0
configure:3729: test -s conftest.o
configure:3732: $? = 0
configure:3742: result: yes
configure:3746: checking sys/ioctl.h presence
configure:3756: gcc -E  conftest.c
configure:3762: $? = 0
configure:3782: result: yes
configure:3817: checking for sys/ioctl.h
configure:3824: result: yes
configure:3837: checking for pid_t
configure:3861: gcc -c -g -O2  conftest.c >&5
configure:3867: $? = 0
configure:3871: test -z 
			 || test ! -s conftest.err
configure:3874: $? = 0
configure:3877: test -s conftest.o
configure:3880: $? = 0
configure:3891: result: yes
configure:3909: checking for unistd.h
configure:3914: result: yes
configure:3918: checking vfork.h usability
configure:3930: gcc -c -g -O2  conftest.c >&5
conftest.c:59:19: vfork.h: No such file or directory
configure:3936: $? = 1
configure: failed program was:
| /* confdefs.h.  */
| 
| #define PACKAGE_NAME ""
| #define PACKAGE_TARNAME ""
| #define PACKAGE_VERSION ""
| #define PACKAGE_STRING ""
| #define PACKAGE_BUGREPORT ""
| #define PACKAGE "fsfn"
| #define VERSION "0.1"
| #define STDC_HEADERS 1
| #define HAVE_SETLOCALE 1
| #define HAVE_SYS_TYPES_H 1
| #define HAVE_SYS_STAT_H 1
| #define HAVE_STDLIB_H 1
| #define HAVE_STRING_H 1
| #define HAVE_MEMORY_H 1
| #define HAVE_STRINGS_H 1
| #define HAVE_INTTYPES_H 1
| #define HAVE_STDINT_H 1
| #define HAVE_UNISTD_H 1
| #define HAVE_LOCALE_H 1
| #define HAVE_SYS_IOCTL_H 1
| #define HAVE_UNISTD_H 1
| /* end confdefs.h.  */
| #include <stdio.h>
| #if HAVE_SYS_TYPES_H
| # include <sys/types.h>
| #endif
| #if HAVE_SYS_STAT_H
| # include <sys/stat.h>
| #endif
| #if STDC_HEADERS
| # include <stdlib.h>
| # include <stddef.h>
| #else
| # if HAVE_STDLIB_H
| #  include <stdlib.h>
| # endif
| #endif
| #if HAVE_STRING_H
| # if !STDC_HEADERS && HAVE_MEMORY_H
| #  include <memory.h>
| # endif
| # include <string.h>
| #endif
| #if HAVE_STRINGS_H
| # include <strings.h>
| #endif
| #if HAVE_INTTYPES_H
| # include <inttypes.h>
| #else
| # if HAVE_STDINT_H
| #  include <stdint.h>
| # endif
| #endif
| #if HAVE_UNISTD_H
| # include <unistd.h>
| #endif
| #include <vfork.h>
configure:3959: result: no
configure:3963: checking vfork.h presence
configure:3973: gcc -E  conftest.c
conftest.c:25:19: vfork.h: No such file or directory
configure:3979: $? = 1
configure: failed program was:
| /* confdefs.h.  */
| 
| #define PACKAGE_NAME ""
| #define PACKAGE_TARNAME ""
| #define PACKAGE_VERSION ""
| #define PACKAGE_STRING ""
| #define PACKAGE_BUGREPORT ""
| #define PACKAGE "fsfn"
| #define VERSION "0.1"
| #define STDC_HEADERS 1
| #define HAVE_SETLOCALE 1
| #define HAVE_SYS_TYPES_H 1
| #define HAVE_SYS_STAT_H 1
| #define HAVE_STDLIB_H 1
| #define HAVE_STRING_H 1
| #define HAVE_MEMORY_H 1
| #define HAVE_STRINGS_H 1
| #define HAVE_INTTYPES_H 1
| #define HAVE_STDINT_H 1
| #define HAVE_UNISTD_H 1
| #define HAVE_LOCALE_H 1
| #define HAVE_SYS_IOCTL_H 1
| #define HAVE_UNISTD_H 1
| /* end confdefs.h.  */
| #include <vfork.h>
configure:3999: result: no
configure:4034: checking for vfork.h
configure:4041: result: no
configure:4059: checking for fork
configure:4116: gcc -o conftest -g -O2   conftest.c  >&5
configure:4122: $? = 0
configure:4126: test -z 
			 || test ! -s conftest.err
configure:4129: $? = 0
configure:4132: test -s conftest
configure:4135: $? = 0
configure:4147: result: yes
configure:4059: checking for vfork
configure:4116: gcc -o conftest -g -O2   conftest.c  >&5
configure:4122: $? = 0
configure:4126: test -z 
			 || test ! -s conftest.err
configure:4129: $? = 0
configure:4132: test -s conftest
configure:4135: $? = 0
configure:4147: result: yes
configure:4158: checking for working fork
configure:4181: gcc -o conftest -g -O2   conftest.c  >&5
configure:4184: $? = 0
configure:4186: ./conftest
configure:4189: $? = 0
configure:4203: result: yes
configure:4224: checking for working vfork
configure:4357: result: yes
configure:4389: checking whether gcc needs -traditional
configure:4431: result: no
configure:4438: checking for size_t
configure:4462: gcc -c -g -O2  conftest.c >&5
configure:4468: $? = 0
configure:4472: test -z 
			 || test ! -s conftest.err
configure:4475: $? = 0
configure:4478: test -s conftest.o
configure:4481: $? = 0
configure:4492: result: yes
configure:4520: checking for xosd-config
configure:4538: found /usr/bin/xosd-config
configure:4551: result: /usr/bin/xosd-config
configure:4558: checking for libxosd
configure:4567: result: yes
configure:4587: checking for version of libxosd
configure:4615: gcc -o conftest -g -O2  -Wall -O3 -march=pentium-m -fomit-frame-pointer -fforce-addr -momit-leaf-frame-pointer -pipe -ftracer -mfpmath=sse -Wall -I/usr/include   conftest.c      -L/usr/lib -lxosd -lpthread -lXext -lX11 >&5
configure:4621: $? = 0
configure:4625: test -z 
			 || test ! -s conftest.err
configure:4628: $? = 0
configure:4631: test -s conftest
configure:4634: $? = 0
configure:4637: result: >= 2.2.0, ok
configure:4971: creating ./config.status

## ---------------------- ##
## Running config.status. ##
## ---------------------- ##

This file was extended by config.status, which was
generated by GNU Autoconf 2.59.  Invocation command line was

  CONFIG_FILES    = 
  CONFIG_HEADERS  = 
  CONFIG_LINKS    = 
  CONFIG_COMMANDS = 
  $ ./config.status 

on vaio

config.status:693: creating Makefile
config.status:693: creating src/Makefile
config.status:797: creating config.h
config.status:1103: executing depfiles commands

## ---------------- ##
## Cache variables. ##
## ---------------- ##

ac_cv_c_compiler_gnu=yes
ac_cv_env_CC_set=
ac_cv_env_CC_value=
ac_cv_env_CFLAGS_set=
ac_cv_env_CFLAGS_value=
ac_cv_env_CPPFLAGS_set=
ac_cv_env_CPPFLAGS_value=
ac_cv_env_CPP_set=
ac_cv_env_CPP_value=
ac_cv_env_LDFLAGS_set=
ac_cv_env_LDFLAGS_value=
ac_cv_env_build_alias_set=
ac_cv_env_build_alias_value=
ac_cv_env_host_alias_set=
ac_cv_env_host_alias_value=
ac_cv_env_target_alias_set=
ac_cv_env_target_alias_value=
ac_cv_exeext=
ac_cv_func_fork=yes
ac_cv_func_fork_works=yes
ac_cv_func_setlocale=yes
ac_cv_func_vfork=yes
ac_cv_func_vfork_works=yes
ac_cv_header_inttypes_h=yes
ac_cv_header_locale_h=yes
ac_cv_header_memory_h=yes
ac_cv_header_stdc=yes
ac_cv_header_stdint_h=yes
ac_cv_header_stdlib_h=yes
ac_cv_header_string_h=yes
ac_cv_header_strings_h=yes
ac_cv_header_sys_ioctl_h=yes
ac_cv_header_sys_stat_h=yes
ac_cv_header_sys_types_h=yes
ac_cv_header_unistd_h=yes
ac_cv_header_vfork_h=no
ac_cv_objext=o
ac_cv_path_LIBXOSD_CONFIG=/usr/bin/xosd-config
ac_cv_path_install='/usr/bin/install -c'
ac_cv_prog_AWK=gawk
ac_cv_prog_CPP='gcc -E'
ac_cv_prog_ac_ct_CC=gcc
ac_cv_prog_cc_g=yes
ac_cv_prog_cc_stdc=
ac_cv_prog_egrep='grep -E'
ac_cv_prog_gcc_traditional=no
ac_cv_prog_make_make_set=yes
ac_cv_type_pid_t=yes
ac_cv_type_size_t=yes
am_cv_CC_dependencies_compiler_type=gcc3

## ----------------- ##
## Output variables. ##
## ----------------- ##

ACLOCAL='${SHELL} /home/muaddib/dev/fsfn/trunk/fsfn/missing --run aclocal-1.9'
AMDEPBACKSLASH='\'
AMDEP_FALSE='#'
AMDEP_TRUE=''
AMTAR='${SHELL} /home/muaddib/dev/fsfn/trunk/fsfn/missing --run tar'
AUTOCONF='${SHELL} /home/muaddib/dev/fsfn/trunk/fsfn/missing --run autoconf'
AUTOHEADER='${SHELL} /home/muaddib/dev/fsfn/trunk/fsfn/missing --run autoheader'
AUTOMAKE='${SHELL} /home/muaddib/dev/fsfn/trunk/fsfn/missing --run automake-1.9'
AWK='gawk'
CC='gcc'
CCDEPMODE='depmode=gcc3'
CFLAGS='-g -O2  -Wall -O3 -march=pentium-m -fomit-frame-pointer -fforce-addr -momit-leaf-frame-pointer -pipe -ftracer -mfpmath=sse -Wall -I/usr/include'
CPP='gcc -E'
CPPFLAGS=''
CYGPATH_W='echo'
DEFS='-DHAVE_CONFIG_H'
DEPDIR='.deps'
ECHO_C=''
ECHO_N='-n'
ECHO_T=''
EGREP='grep -E'
EXEEXT=''
INSTALL_DATA='${INSTALL} -m 644'
INSTALL_PROGRAM='${INSTALL}'
INSTALL_SCRIPT='${INSTALL}'
INSTALL_STRIP_PROGRAM='${SHELL} $(install_sh) -c -s'
LDFLAGS=''
LIBOBJS=''
LIBS='     -L/usr/lib -lxosd -lpthread -lXext -lX11'
LIBXOSD_CFLAGS='-O3 -march=pentium-m -fomit-frame-pointer -fforce-addr -momit-leaf-frame-pointer -pipe -ftracer -mfpmath=sse -Wall -I/usr/include'
LIBXOSD_CONFIG='/usr/bin/xosd-config'
LIBXOSD_LIBS='-L/usr/lib -lxosd -lpthread -lXext -lX11'
LTLIBOBJS=''
MAKEINFO='${SHELL} /home/muaddib/dev/fsfn/trunk/fsfn/missing --run makeinfo'
OBJEXT='o'
PACKAGE='fsfn'
PACKAGE_BUGREPORT=''
PACKAGE_NAME=''
PACKAGE_STRING=''
PACKAGE_TARNAME=''
PACKAGE_VERSION=''
PATH_SEPARATOR=':'
SET_MAKE=''
SHELL='/bin/sh'
STRIP=''
VERSION='0.1'
ac_ct_CC='gcc'
ac_ct_STRIP=''
am__fastdepCC_FALSE='#'
am__fastdepCC_TRUE=''
am__include='include'
am__leading_dot='.'
am__quote=''
am__tar='${AMTAR} chof - "$$tardir"'
am__untar='${AMTAR} xf -'
bindir='${exec_prefix}/bin'
build_alias=''
datadir='${prefix}/share'
exec_prefix='${prefix}'
host_alias=''
includedir='${prefix}/include'
infodir='${prefix}/info'
install_sh='/home/muaddib/dev/fsfn/trunk/fsfn/install-sh'
libdir='${exec_prefix}/lib'
libexecdir='${exec_prefix}/libexec'
localstatedir='${prefix}/var'
mandir='${prefix}/man'
mkdir_p='mkdir -p --'
oldincludedir='/usr/include'
prefix='/usr/local'
program_transform_name='s,x,x,'
sbindir='${exec_prefix}/sbin'
sharedstatedir='${prefix}/com'
sysconfdir='${prefix}/etc'
target_alias=''

## ----------- ##
## confdefs.h. ##
## ----------- ##

#define HAVE_FORK 1
#define HAVE_INTTYPES_H 1
#define HAVE_LIBXOSD 1
#define HAVE_LIBXOSD_VERSION 20200
#define HAVE_LOCALE_H 1
#define HAVE_MEMORY_H 1
#define HAVE_SETLOCALE 1
#define HAVE_STDINT_H 1
#define HAVE_STDLIB_H 1
#define HAVE_STRINGS_H 1
#define HAVE_STRING_H 1
#define HAVE_SYS_IOCTL_H 1
#define HAVE_SYS_STAT_H 1
#define HAVE_SYS_TYPES_H 1
#define HAVE_UNISTD_H 1
#define HAVE_UNISTD_H 1
#define HAVE_VFORK 1
#define HAVE_WORKING_FORK 1
#define HAVE_WORKING_VFORK 1
#define PACKAGE "fsfn"
#define PACKAGE_BUGREPORT ""
#define PACKAGE_NAME ""
#define PACKAGE_STRING ""
#define PACKAGE_TARNAME ""
#define PACKAGE_VERSION ""
#define STDC_HEADERS 1
#define VERSION "0.1"

configure: exit 0
